<?xml version="1.0" encoding="UTF-8"?>
<!-- Generated by org.testng.reporters.JUnitXMLReporter -->
<testsuite hostname="Rajeev-PC" name="TestNG" tests="1" failures="1" timestamp="15 Jun 2021 06:58:07 GMT" time="7.612" errors="0">
  <testcase name="@AfterMethod teardown" time="0.0" classname="testNG.GoogleTest">
    <failure type="java.lang.NullPointerException">
      <![CDATA[java.lang.NullPointerException
	at testNG.GoogleTest.teardown(GoogleTest.java:51)
... Removed 26 stack frames]]>
    </failure>
  </testcase> <!-- @AfterMethod teardown -->
  <testcase name="getTitle" time="0.0" classname="testNG.GoogleTest">
    <failure type="java.lang.NullPointerException">
      <![CDATA[java.lang.NullPointerException
	at testNG.GoogleTest.getTitle(GoogleTest.java:32)
... Removed 24 stack frames]]>
    </failure>
  </testcase> <!-- getTitle -->
</testsuite> <!-- TestNG -->
